This file contains any messages produced by compilers while
running configure, to aid debugging if configure makes a mistake.

It was created by log4cxx configure 0.11.0, which was
generated by GNU Autoconf 2.69.  Invocation command line was

  $ ./configure --prefix=/mnt/g/TeamTalk/server/src/./log4cxx --with-apr=/usr/local/apr --with-apr-util=/usr/local/apr-util

## --------- ##
## Platform. ##
## --------- ##

hostname = rt-yuyh
uname -m = x86_64
uname -r = 5.10.60.1-microsoft-standard-WSL2
uname -s = Linux
uname -v = #1 SMP Wed Aug 25 23:20:18 UTC 2021

/usr/bin/uname -p = x86_64
/bin/uname -X     = unknown

/bin/arch              = x86_64
/usr/bin/arch -k       = unknown
/usr/convex/getsysinfo = unknown
/usr/bin/hostinfo      = unknown
/bin/machine           = unknown
/usr/bin/oslevel       = unknown
/bin/universe          = unknown

PATH: /usr/local/sbin
PATH: /usr/local/bin
PATH: /usr/sbin
PATH: /usr/bin
PATH: /sbin
PATH: /bin
PATH: /snap/bin


## ----------- ##
## Core tests. ##
## ----------- ##

configure:2536: checking build system type
configure:2550: result: x86_64-pc-linux-gnu
configure:2570: checking host system type
configure:2583: result: x86_64-pc-linux-gnu
configure:2603: checking target system type
configure:2616: result: x86_64-pc-linux-gnu
configure:2672: checking for a BSD-compatible install
configure:2740: result: /usr/bin/install -c
configure:2751: checking whether build environment is sane
configure:2806: result: yes
configure:2955: checking for a thread-safe mkdir -p
configure:2994: result: /usr/bin/mkdir -p
configure:3001: checking for gawk
configure:3017: found /usr/bin/gawk
configure:3028: result: gawk
configure:3039: checking whether make sets $(MAKE)
configure:3061: result: yes
configure:3090: checking whether make supports nested variables
configure:3107: result: yes
configure:3241: checking whether make supports the include directive
configure:3256: make -f confmf.GNU && cat confinc.out
make: Warning: File 'confinc.mk' has modification time 0.73 s in the future
make: warning:  Clock skew detected.  Your build may be incomplete.
this is the am__doit target
configure:3259: $? = 0
configure:3278: result: yes (GNU style)
configure:3348: checking for gcc
configure:3364: found /usr/bin/gcc
configure:3375: result: gcc
configure:3604: checking for C compiler version
configure:3613: gcc --version >&5
gcc (Ubuntu 9.4.0-1ubuntu1~20.04.1) 9.4.0
Copyright (C) 2019 Free Software Foundation, Inc.
This is free software; see the source for copying conditions.  There is NO
warranty; not even for MERCHANTABILITY or FITNESS FOR A PARTICULAR PURPOSE.

configure:3624: $? = 0
configure:3613: gcc -v >&5
Using built-in specs.
COLLECT_GCC=gcc
COLLECT_LTO_WRAPPER=/usr/lib/gcc/x86_64-linux-gnu/9/lto-wrapper
OFFLOAD_TARGET_NAMES=nvptx-none:hsa
OFFLOAD_TARGET_DEFAULT=1
Target: x86_64-linux-gnu
Configured with: ../src/configure -v --with-pkgversion='Ubuntu 9.4.0-1ubuntu1~20.04.1' --with-bugurl=file:///usr/share/doc/gcc-9/README.Bugs --enable-languages=c,ada,c++,go,brig,d,fortran,objc,obj-c++,gm2 --prefix=/usr --with-gcc-major-version-only --program-suffix=-9 --program-prefix=x86_64-linux-gnu- --enable-shared --enable-linker-build-id --libexecdir=/usr/lib --without-included-gettext --enable-threads=posix --libdir=/usr/lib --enable-nls --enable-clocale=gnu --enable-libstdcxx-debug --enable-libstdcxx-time=yes --with-default-libstdcxx-abi=new --enable-gnu-unique-object --disable-vtable-verify --enable-plugin --enable-default-pie --with-system-zlib --with-target-system-zlib=auto --enable-objc-gc=auto --enable-multiarch --disable-werror --with-arch-32=i686 --with-abi=m64 --with-multilib-list=m32,m64,mx32 --enable-multilib --with-tune=generic --enable-offload-targets=nvptx-none=/build/gcc-9-Av3uEd/gcc-9-9.4.0/debian/tmp-nvptx/usr,hsa --without-cuda-driver --enable-checking=release --build=x86_64-linux-gnu --host=x86_64-linux-gnu --target=x86_64-linux-gnu
Thread model: posix
gcc version 9.4.0 (Ubuntu 9.4.0-1ubuntu1~20.04.1) 
configure:3624: $? = 0
configure:3613: gcc -V >&5
gcc: error: unrecognized command line option '-V'
gcc: fatal error: no input files
compilation terminated.
configure:3624: $? = 1
configure:3613: gcc -qversion >&5
gcc: error: unrecognized command line option '-qversion'; did you mean '--version'?
gcc: fatal error: no input files
compilation terminated.
configure:3624: $? = 1
configure:3644: checking whether the C compiler works
configure:3666: gcc    conftest.c  >&5
configure:3670: $? = 0
configure:3718: result: yes
configure:3721: checking for C compiler default output file name
configure:3723: result: a.out
configure:3729: checking for suffix of executables
configure:3736: gcc -o conftest    conftest.c  >&5
configure:3740: $? = 0
configure:3762: result: 
configure:3784: checking whether we are cross compiling
configure:3792: gcc -o conftest    conftest.c  >&5
configure:3796: $? = 0
configure:3803: ./conftest
configure:3807: $? = 0
configure:3795: result: no
configure:3800: checking for suffix of object files
configure:3822: gcc -c   conftest.c >&5
configure:3826: $? = 0
configure:3847: result: o
configure:3851: checking whether we are using the GNU C compiler
configure:3870: gcc -c   conftest.c >&5
configure:3870: $? = 0
configure:3879: result: yes
configure:3888: checking whether gcc accepts -g
configure:3908: gcc -c -g  conftest.c >&5
configure:3908: $? = 0
configure:3949: result: yes
configure:3966: checking for gcc option to accept ISO C89
configure:4029: gcc  -c -g -O2  conftest.c >&5
configure:4029: $? = 0
configure:4042: result: none needed
configure:4067: checking whether gcc understands -c and -o together
configure:4089: gcc -c conftest.c -o conftest2.o
configure:4092: $? = 0
configure:4089: gcc -c conftest.c -o conftest2.o
configure:4092: $? = 0
configure:4104: result: yes
configure:4123: checking dependency style of gcc
configure:4234: result: gcc3
configure:4299: checking for ar
configure:4315: found /usr/bin/ar
configure:4326: result: ar
configure:4352: checking the archiver (ar) interface
configure:4368: gcc -c -g -O2  conftest.c >&5
configure:4368: $? = 0
configure:4370: ar cru libconftest.a conftest.o >&5
ar: `u' modifier ignored since `D' is the default (see `U')
configure:4373: $? = 0
configure:4372: result: ar
configure:4438: checking how to print strings
configure:4465: result: printf
configure:4486: checking for a sed that does not truncate output
configure:4550: result: /usr/bin/sed
configure:4568: checking for grep that handles long lines and -e
configure:4626: result: /usr/bin/grep
configure:4631: checking for egrep
configure:4693: result: /usr/bin/grep -E
configure:4698: checking for fgrep
configure:4760: result: /usr/bin/grep -F
configure:4795: checking for ld used by gcc
configure:4862: result: /usr/bin/ld
configure:4869: checking if the linker (/usr/bin/ld) is GNU ld
configure:4884: result: yes
configure:4896: checking for BSD- or MS-compatible name lister (nm)
configure:4950: result: /usr/bin/nm -B
configure:5080: checking the name lister (/usr/bin/nm -B) interface
configure:5087: gcc -c -g -O2  conftest.c >&5
configure:5090: /usr/bin/nm -B "conftest.o"
configure:5093: output
0000000000000000 B some_variable
configure:5094: result: BSD nm
configure:5097: checking whether ln -s works
configure:5101: result: yes
configure:5109: checking the maximum length of command line arguments
configure:5240: result: 1572864
configure:5288: checking how to convert x86_64-pc-linux-gnu file names to x86_64-pc-linux-gnu format
configure:5328: result: func_convert_file_noop
configure:5335: checking how to convert x86_64-pc-linux-gnu file names to toolchain format
configure:5355: result: func_convert_file_noop
configure:5362: checking for /usr/bin/ld option to reload object files
configure:5369: result: -r
configure:5443: checking for objdump
configure:5459: found /usr/bin/objdump
configure:5470: result: objdump
configure:5502: checking how to recognize dependent libraries
configure:5702: result: pass_all
configure:5787: checking for dlltool
configure:5817: result: no
configure:5847: checking how to associate runtime and link libraries
configure:5874: result: printf %s\n
configure:5998: checking for archiver @FILE support
configure:6015: gcc -c -g -O2  conftest.c >&5
configure:6015: $? = 0
configure:6018: ar cru libconftest.a @conftest.lst >&5
ar: `u' modifier ignored since `D' is the default (see `U')
configure:6021: $? = 0
configure:6026: ar cru libconftest.a @conftest.lst >&5
ar: `u' modifier ignored since `D' is the default (see `U')
ar: conftest.o: No such file or directory
configure:6029: $? = 1
configure:6028: result: @
configure:6086: checking for strip
configure:6102: found /usr/bin/strip
configure:6113: result: strip
configure:6185: checking for ranlib
configure:6201: found /usr/bin/ranlib
configure:6212: result: ranlib
configure:6314: checking command to parse /usr/bin/nm -B output from gcc object
configure:6467: gcc -c -g -O2  conftest.c >&5
configure:6470: $? = 0
configure:6474: /usr/bin/nm -B conftest.o | sed -n -e 's/^.*[	 ]\([ABCDGIRSTW][ABCDGIRSTW]*\)[	 ][	 ]*\([_A-Za-z][_A-Za-z0-9]*\)$/\1 \2 \2/p' | sed '/ __gnu_lto/d' > conftest.nm
configure:6540: gcc -o conftest -g -O2   conftest.c conftstm.o >&5
configure:6543: $? = 0
configure:6581: result: ok
configure:6628: checking for sysroot
configure:6658: result: no
configure:6665: checking for a working dd
configure:6703: result: /usr/bin/dd
configure:6707: checking how to truncate binary pipes
configure:6722: result: /usr/bin/dd bs=4096 count=1
configure:6858: gcc -c -g -O2  conftest.c >&5
configure:6861: $? = 0
configure:7051: checking for mt
configure:7067: found /usr/bin/mt
configure:7078: result: mt
configure:7101: checking if mt is a manifest tool
configure:7107: mt '-?'
configure:7115: result: no
configure:7792: checking how to run the C preprocessor
configure:7823: gcc -E  conftest.c
configure:7823: $? = 0
configure:7837: gcc -E  conftest.c
conftest.c:11:10: fatal error: ac_nonexistent.h: No such file or directory
   11 | #include <ac_nonexistent.h>
      |          ^~~~~~~~~~~~~~~~~~
compilation terminated.
configure:7837: $? = 1
configure: failed program was:
| /* confdefs.h */
| #define PACKAGE_NAME "log4cxx"
| #define PACKAGE_TARNAME "log4cxx"
| #define PACKAGE_VERSION "0.11.0"
| #define PACKAGE_STRING "log4cxx 0.11.0"
| #define PACKAGE_BUGREPORT ""
| #define PACKAGE_URL ""
| #define PACKAGE "log4cxx"
| #define VERSION "0.11.0"
| /* end confdefs.h.  */
| #include <ac_nonexistent.h>
configure:7862: result: gcc -E
configure:7882: gcc -E  conftest.c
configure:7882: $? = 0
configure:7896: gcc -E  conftest.c
conftest.c:11:10: fatal error: ac_nonexistent.h: No such file or directory
   11 | #include <ac_nonexistent.h>
      |          ^~~~~~~~~~~~~~~~~~
compilation terminated.
configure:7896: $? = 1
configure: failed program was:
| /* confdefs.h */
| #define PACKAGE_NAME "log4cxx"
| #define PACKAGE_TARNAME "log4cxx"
| #define PACKAGE_VERSION "0.11.0"
| #define PACKAGE_STRING "log4cxx 0.11.0"
| #define PACKAGE_BUGREPORT ""
| #define PACKAGE_URL ""
| #define PACKAGE "log4cxx"
| #define VERSION "0.11.0"
| /* end confdefs.h.  */
| #include <ac_nonexistent.h>
configure:7925: checking for ANSI C header files
configure:7945: gcc -c -g -O2  conftest.c >&5
configure:7945: $? = 0
configure:8018: gcc -o conftest -g -O2   conftest.c  >&5
configure:8018: $? = 0
configure:8018: ./conftest
configure:8018: $? = 0
configure:8029: result: yes
configure:8042: checking for sys/types.h
configure:8042: gcc -c -g -O2  conftest.c >&5
configure:8042: $? = 0
configure:8042: result: yes
configure:8042: checking for sys/stat.h
configure:8042: gcc -c -g -O2  conftest.c >&5
configure:8042: $? = 0
configure:8042: result: yes
configure:8042: checking for stdlib.h
configure:8042: gcc -c -g -O2  conftest.c >&5
configure:8042: $? = 0
configure:8042: result: yes
configure:8042: checking for string.h
configure:8042: gcc -c -g -O2  conftest.c >&5
configure:8042: $? = 0
configure:8042: result: yes
configure:8042: checking for memory.h
configure:8042: gcc -c -g -O2  conftest.c >&5
configure:8042: $? = 0
configure:8042: result: yes
configure:8042: checking for strings.h
configure:8042: gcc -c -g -O2  conftest.c >&5
configure:8042: $? = 0
configure:8042: result: yes
configure:8042: checking for inttypes.h
configure:8042: gcc -c -g -O2  conftest.c >&5
configure:8042: $? = 0
configure:8042: result: yes
configure:8042: checking for stdint.h
configure:8042: gcc -c -g -O2  conftest.c >&5
configure:8042: $? = 0
configure:8042: result: yes
configure:8042: checking for unistd.h
configure:8042: gcc -c -g -O2  conftest.c >&5
configure:8042: $? = 0
configure:8042: result: yes
configure:8056: checking for dlfcn.h
configure:8056: gcc -c -g -O2  conftest.c >&5
configure:8056: $? = 0
configure:8056: result: yes
configure:8312: checking for objdir
configure:8327: result: .libs
configure:8591: checking if gcc supports -fno-rtti -fno-exceptions
configure:8609: gcc -c -g -O2  -fno-rtti -fno-exceptions conftest.c >&5
cc1: warning: command line option '-fno-rtti' is valid for C++/D/ObjC++ but not for C
configure:8613: $? = 0
configure:8626: result: no
configure:8984: checking for gcc option to produce PIC
configure:8991: result: -fPIC -DPIC
configure:8999: checking if gcc PIC flag -fPIC -DPIC works
configure:9017: gcc -c -g -O2  -fPIC -DPIC -DPIC conftest.c >&5
configure:9021: $? = 0
configure:9034: result: yes
configure:9063: checking if gcc static flag -static works
configure:9091: result: yes
configure:9106: checking if gcc supports -c -o file.o
configure:9127: gcc -c -g -O2  -o out/conftest2.o conftest.c >&5
configure:9131: $? = 0
configure:9153: result: yes
configure:9161: checking if gcc supports -c -o file.o
configure:9208: result: yes
configure:9241: checking whether the gcc linker (/usr/bin/ld -m elf_x86_64) supports shared libraries
configure:10504: result: yes
configure:10541: checking whether -lc should be explicitly linked in
configure:10549: gcc -c -g -O2  conftest.c >&5
configure:10552: $? = 0
configure:10567: gcc -shared  -fPIC -DPIC conftest.o  -v -Wl,-soname -Wl,conftest -o conftest 2\>\&1 \| /usr/bin/grep  -lc  \>/dev/null 2\>\&1
configure:10570: $? = 0
configure:10584: result: no
configure:10744: checking dynamic linker characteristics
configure:11325: gcc -o conftest -g -O2   -Wl,-rpath -Wl,/foo conftest.c  >&5
configure:11325: $? = 0
configure:11574: result: GNU/Linux ld.so
configure:11696: checking how to hardcode library paths into programs
configure:11721: result: immediate
configure:12269: checking whether stripping libraries is possible
configure:12274: result: yes
configure:12309: checking if libtool supports shared libraries
configure:12311: result: yes
configure:12314: checking whether to build shared libraries
configure:12339: result: yes
configure:12342: checking whether to build static libraries
configure:12346: result: yes
configure:9160: checking whether ln -s works
configure:9164: result: yes
configure:9171: checking whether make sets $(MAKE)
configure:9193: result: yes
configure:9261: checking for g++
configure:9277: found /usr/bin/g++
configure:9288: result: g++
configure:9315: checking for C++ compiler version
configure:9324: g++ --version >&5
g++ (Ubuntu 9.4.0-1ubuntu1~20.04.1) 9.4.0
Copyright (C) 2019 Free Software Foundation, Inc.
This is free software; see the source for copying conditions.  There is NO
warranty; not even for MERCHANTABILITY or FITNESS FOR A PARTICULAR PURPOSE.

configure:9335: $? = 0
configure:9324: g++ -v >&5
Using built-in specs.
COLLECT_GCC=g++
COLLECT_LTO_WRAPPER=/usr/lib/gcc/x86_64-linux-gnu/9/lto-wrapper
OFFLOAD_TARGET_NAMES=nvptx-none:hsa
OFFLOAD_TARGET_DEFAULT=1
Target: x86_64-linux-gnu
Configured with: ../src/configure -v --with-pkgversion='Ubuntu 9.4.0-1ubuntu1~20.04.1' --with-bugurl=file:///usr/share/doc/gcc-9/README.Bugs --enable-languages=c,ada,c++,go,brig,d,fortran,objc,obj-c++,gm2 --prefix=/usr --with-gcc-major-version-only --program-suffix=-9 --program-prefix=x86_64-linux-gnu- --enable-shared --enable-linker-build-id --libexecdir=/usr/lib --without-included-gettext --enable-threads=posix --libdir=/usr/lib --enable-nls --enable-clocale=gnu --enable-libstdcxx-debug --enable-libstdcxx-time=yes --with-default-libstdcxx-abi=new --enable-gnu-unique-object --disable-vtable-verify --enable-plugin --enable-default-pie --with-system-zlib --with-target-system-zlib=auto --enable-objc-gc=auto --enable-multiarch --disable-werror --with-arch-32=i686 --with-abi=m64 --with-multilib-list=m32,m64,mx32 --enable-multilib --with-tune=generic --enable-offload-targets=nvptx-none=/build/gcc-9-Av3uEd/gcc-9-9.4.0/debian/tmp-nvptx/usr,hsa --without-cuda-driver --enable-checking=release --build=x86_64-linux-gnu --host=x86_64-linux-gnu --target=x86_64-linux-gnu
Thread model: posix
gcc version 9.4.0 (Ubuntu 9.4.0-1ubuntu1~20.04.1) 
configure:9335: $? = 0
configure:9324: g++ -V >&5
g++: error: unrecognized command line option '-V'
g++: fatal error: no input files
compilation terminated.
configure:9335: $? = 1
configure:9324: g++ -qversion >&5
g++: error: unrecognized command line option '-qversion'; did you mean '--version'?
g++: fatal error: no input files
compilation terminated.
configure:9335: $? = 1
configure:9339: checking whether we are using the GNU C++ compiler
configure:9358: g++ -c   conftest.cpp >&5
configure:9358: $? = 0
configure:9367: result: yes
configure:9376: checking whether g++ accepts -g
configure:9396: g++ -c -g  conftest.cpp >&5
configure:9396: $? = 0
configure:9437: result: yes
configure:9462: checking dependency style of g++
configure:9573: result: gcc3
configure:9606: checking how to run the C++ preprocessor
configure:9633: g++ -E  conftest.cpp
configure:9633: $? = 0
configure:9647: g++ -E  conftest.cpp
conftest.cpp:23:10: fatal error: ac_nonexistent.h: No such file or directory
   23 | #include <ac_nonexistent.h>
      |          ^~~~~~~~~~~~~~~~~~
compilation terminated.
configure:9647: $? = 1
configure: failed program was:
| /* confdefs.h */
| #define PACKAGE_NAME "log4cxx"
| #define PACKAGE_TARNAME "log4cxx"
| #define PACKAGE_VERSION "0.11.0"
| #define PACKAGE_STRING "log4cxx 0.11.0"
| #define PACKAGE_BUGREPORT ""
| #define PACKAGE_URL ""
| #define PACKAGE "log4cxx"
| #define VERSION "0.11.0"
| #define STDC_HEADERS 1
| #define HAVE_SYS_TYPES_H 1
| #define HAVE_SYS_STAT_H 1
| #define HAVE_STDLIB_H 1
| #define HAVE_STRING_H 1
| #define HAVE_MEMORY_H 1
| #define HAVE_STRINGS_H 1
| #define HAVE_INTTYPES_H 1
| #define HAVE_STDINT_H 1
| #define HAVE_UNISTD_H 1
| #define HAVE_DLFCN_H 1
| #define LT_OBJDIR ".libs/"
| /* end confdefs.h.  */
| #include <ac_nonexistent.h>
configure:9672: result: g++ -E
configure:9692: g++ -E  conftest.cpp
configure:9692: $? = 0
configure:9706: g++ -E  conftest.cpp
conftest.cpp:23:10: fatal error: ac_nonexistent.h: No such file or directory
   23 | #include <ac_nonexistent.h>
      |          ^~~~~~~~~~~~~~~~~~
compilation terminated.
configure:9706: $? = 1
configure: failed program was:
| /* confdefs.h */
| #define PACKAGE_NAME "log4cxx"
| #define PACKAGE_TARNAME "log4cxx"
| #define PACKAGE_VERSION "0.11.0"
| #define PACKAGE_STRING "log4cxx 0.11.0"
| #define PACKAGE_BUGREPORT ""
| #define PACKAGE_URL ""
| #define PACKAGE "log4cxx"
| #define VERSION "0.11.0"
| #define STDC_HEADERS 1
| #define HAVE_SYS_TYPES_H 1
| #define HAVE_SYS_STAT_H 1
| #define HAVE_STDLIB_H 1
| #define HAVE_STRING_H 1
| #define HAVE_MEMORY_H 1
| #define HAVE_STRINGS_H 1
| #define HAVE_INTTYPES_H 1
| #define HAVE_STDINT_H 1
| #define HAVE_UNISTD_H 1
| #define HAVE_DLFCN_H 1
| #define LT_OBJDIR ".libs/"
| /* end confdefs.h.  */
| #include <ac_nonexistent.h>
configure:9868: checking for ld used by g++
configure:9935: result: /usr/bin/ld -m elf_x86_64
configure:9942: checking if the linker (/usr/bin/ld -m elf_x86_64) is GNU ld
configure:9957: result: yes
configure:10012: checking whether the g++ linker (/usr/bin/ld -m elf_x86_64) supports shared libraries
configure:11085: result: yes
configure:11121: g++ -c -g -O2  conftest.cpp >&5
configure:11124: $? = 0
configure:11605: checking for g++ option to produce PIC
configure:11612: result: -fPIC -DPIC
configure:11620: checking if g++ PIC flag -fPIC -DPIC works
configure:11638: g++ -c -g -O2  -fPIC -DPIC -DPIC conftest.cpp >&5
configure:11642: $? = 0
configure:11655: result: yes
configure:11678: checking if g++ static flag -static works
configure:11706: result: yes
configure:11718: checking if g++ supports -c -o file.o
configure:11739: g++ -c -g -O2  -o out/conftest2.o conftest.cpp >&5
configure:11743: $? = 0
configure:11765: result: yes
configure:11770: checking if g++ supports -c -o file.o
configure:11817: result: yes
configure:11847: checking whether the g++ linker (/usr/bin/ld -m elf_x86_64) supports shared libraries
configure:11890: result: yes
configure:12031: checking dynamic linker characteristics
configure:12788: result: GNU/Linux ld.so
configure:12853: checking how to hardcode library paths into programs
configure:12878: result: immediate
configure:11755: checking how to run the C++ preprocessor
configure:11821: result: g++ -E
configure:11841: g++ -E  conftest.cpp
configure:11841: $? = 0
configure:11855: g++ -E  conftest.cpp
conftest.cpp:23:10: fatal error: ac_nonexistent.h: No such file or directory
   23 | #include <ac_nonexistent.h>
      |          ^~~~~~~~~~~~~~~~~~
compilation terminated.
configure:11855: $? = 1
configure: failed program was:
| /* confdefs.h */
| #define PACKAGE_NAME "log4cxx"
| #define PACKAGE_TARNAME "log4cxx"
| #define PACKAGE_VERSION "0.11.0"
| #define PACKAGE_STRING "log4cxx 0.11.0"
| #define PACKAGE_BUGREPORT ""
| #define PACKAGE_URL ""
| #define PACKAGE "log4cxx"
| #define VERSION "0.11.0"
| #define STDC_HEADERS 1
| #define HAVE_SYS_TYPES_H 1
| #define HAVE_SYS_STAT_H 1
| #define HAVE_STDLIB_H 1
| #define HAVE_STRING_H 1
| #define HAVE_MEMORY_H 1
| #define HAVE_STRINGS_H 1
| #define HAVE_INTTYPES_H 1
| #define HAVE_STDINT_H 1
| #define HAVE_UNISTD_H 1
| #define HAVE_DLFCN_H 1
| #define LT_OBJDIR ".libs/"
| /* end confdefs.h.  */
| #include <ac_nonexistent.h>
configure:11934: checking for doxygen
configure:11952: found /usr/bin/doxygen
configure:11964: result: /usr/bin/doxygen
configure:11981: checking for dot
configure:11999: found /usr/bin/dot
configure:12011: result: /usr/bin/dot
configure:12086: checking for APR
configure:12165: result: yes
configure:12202: checking for APR-util
configure:12281: result: yes
configure:12299: checking for mbsrtowcs
configure:12299: g++ -o conftest -g -O2   -DLINUX -D_REENTRANT -D_GNU_SOURCE  -I/usr/local/apr/include/apr-1   -I/usr/local/apr-util/include/apr-1    -L/usr/local/apr/lib -lapr-1 -lrt -lcrypt  -lpthread -ldl  -L/usr/local/apr-util/lib -laprutil-1     -lexpat conftest.cpp  >&5
configure:12299: $? = 0
configure:12299: result: yes
configure:12321: checking for wcstombs
configure:12321: g++ -o conftest -g -O2   -DLINUX -D_REENTRANT -D_GNU_SOURCE  -I/usr/local/apr/include/apr-1   -I/usr/local/apr-util/include/apr-1    -L/usr/local/apr/lib -lapr-1 -lrt -lcrypt  -lpthread -ldl  -L/usr/local/apr-util/lib -laprutil-1     -lexpat conftest.cpp  >&5
configure:12321: $? = 0
configure:12321: result: yes
configure:12344: checking for syslog
configure:12344: g++ -o conftest -g -O2   -DLINUX -D_REENTRANT -D_GNU_SOURCE  -I/usr/local/apr/include/apr-1   -I/usr/local/apr-util/include/apr-1    -L/usr/local/apr/lib -lapr-1 -lrt -lcrypt  -lpthread -ldl  -L/usr/local/apr-util/lib -laprutil-1     -lexpat conftest.cpp  >&5
configure:12344: $? = 0
configure:12344: result: yes
configure:12365: checking locale usability
configure:12365: g++ -c -g -O2   -DLINUX -D_REENTRANT -D_GNU_SOURCE  -I/usr/local/apr/include/apr-1   -I/usr/local/apr-util/include/apr-1  conftest.cpp >&5
configure:12365: $? = 0
configure:12365: result: yes
configure:12365: checking locale presence
configure:12365: g++ -E   -DLINUX -D_REENTRANT -D_GNU_SOURCE  -I/usr/local/apr/include/apr-1   -I/usr/local/apr-util/include/apr-1  conftest.cpp
configure:12365: $? = 0
configure:12365: result: yes
configure:12365: checking for locale
configure:12365: result: yes
configure:12382: checking for wchar_t
configure:12390: g++ -c -g -O2   -DLINUX -D_REENTRANT -D_GNU_SOURCE  -I/usr/local/apr/include/apr-1   -I/usr/local/apr-util/include/apr-1  conftest.cpp >&5
configure:12390: $? = 0
configure:12396: result: yes
configure:12409: checking for fwide
configure:12409: g++ -o conftest -g -O2   -DLINUX -D_REENTRANT -D_GNU_SOURCE  -I/usr/local/apr/include/apr-1   -I/usr/local/apr-util/include/apr-1    -L/usr/local/apr/lib -lapr-1 -lrt -lcrypt  -lpthread -ldl  -L/usr/local/apr-util/lib -laprutil-1     -lexpat conftest.cpp  >&5
configure:12409: $? = 0
configure:12409: result: yes
configure:12434: checking for ODBC support
configure:12521: result: no
configure:12535: checking for SMTP support
configure:12601: result: no
configure:12713: checking charset type
configure:12778: result: auto
configure:12800: checking logchar type
configure:12813: result: utf-8
configure:13019: checking that generated files are newer than configure
configure:13025: result: done
configure:13064: creating ./config.status

## ---------------------- ##
## Running config.status. ##
## ---------------------- ##

This file was extended by log4cxx config.status 0.11.0, which was
generated by GNU Autoconf 2.69.  Invocation command line was

  CONFIG_FILES    = 
  CONFIG_HEADERS  = 
  CONFIG_LINKS    = 
  CONFIG_COMMANDS = 
  $ ./config.status 

on rt-yuyh

config.status:1146: creating Makefile
config.status:1146: creating liblog4cxx.pc
config.status:1146: creating src/Makefile
config.status:1146: creating src/main/Makefile
config.status:1146: creating src/main/cpp/Makefile
config.status:1146: creating src/main/include/Makefile
config.status:1146: creating src/main/include/log4cxx/log4cxx.h
config.status:1146: creating src/main/include/log4cxx/private/log4cxx_private.h
config.status:1146: creating src/main/include/log4cxx/private/Makefile
config.status:1146: creating src/main/include/log4cxx/Makefile
config.status:1146: creating src/main/include/log4cxx/helpers/Makefile
config.status:1146: creating src/main/include/log4cxx/net/Makefile
config.status:1146: creating src/main/include/log4cxx/nt/Makefile
config.status:1146: creating src/main/include/log4cxx/spi/Makefile
config.status:1146: creating src/main/include/log4cxx/spi/location/Makefile
config.status:1146: creating src/main/include/log4cxx/varia/Makefile
config.status:1146: creating src/main/include/log4cxx/xml/Makefile
config.status:1146: creating src/main/include/log4cxx/config/Makefile
config.status:1146: creating src/main/include/log4cxx/db/Makefile
config.status:1146: creating src/main/include/log4cxx/rolling/Makefile
config.status:1146: creating src/main/include/log4cxx/pattern/Makefile
config.status:1146: creating src/main/include/log4cxx/filter/Makefile
config.status:1146: creating src/m4/Makefile
config.status:1146: creating src/site/Makefile
config.status:1146: creating src/site/doxy/Makefile
config.status:1146: creating src/site/doxy/Doxyfile
config.status:1146: creating src/test/Makefile
config.status:1146: creating src/test/resources/Makefile
config.status:1146: creating src/test/resources/input/Makefile
config.status:1146: creating src/test/resources/input/ndc/Makefile
config.status:1146: creating src/test/resources/input/rolling/Makefile
config.status:1146: creating src/test/resources/input/xml/Makefile
config.status:1146: creating src/test/cpp/Makefile
config.status:1146: creating src/test/resources/witness/Makefile
config.status:1146: creating src/test/resources/witness/encoding/Makefile
config.status:1146: creating src/test/resources/witness/ndc/Makefile
config.status:1146: creating src/test/resources/witness/rolling/Makefile
config.status:1146: creating src/examples/Makefile
config.status:1146: creating src/examples/cpp/Makefile
config.status:1318: executing depfiles commands
config.status:1395: cd src/main/cpp       && sed -e '/# am--include-marker/d' Makefile         | make -f - am--depfiles
config.status:1400: $? = 0
config.status:1395: cd src/test/cpp       && sed -e '/# am--include-marker/d' Makefile         | make -f - am--depfiles
config.status:1400: $? = 0
config.status:1395: cd src/examples/cpp       && sed -e '/# am--include-marker/d' Makefile         | make -f - am--depfiles
config.status:1400: $? = 0
config.status:1318: executing libtool commands

## ---------------- ##
## Cache variables. ##
## ---------------- ##

ac_cv_build=x86_64-pc-linux-gnu
ac_cv_c_compiler_gnu=yes
ac_cv_cxx_compiler_gnu=yes
ac_cv_env_CCC_set=
ac_cv_env_CCC_value=
ac_cv_env_CC_set=
ac_cv_env_CC_value=
ac_cv_env_CFLAGS_set=
ac_cv_env_CFLAGS_value=
ac_cv_env_CPPFLAGS_set=
ac_cv_env_CPPFLAGS_value=
ac_cv_env_CPP_set=
ac_cv_env_CPP_value=
ac_cv_env_CXXCPP_set=
ac_cv_env_CXXCPP_value=
ac_cv_env_CXXFLAGS_set=
ac_cv_env_CXXFLAGS_value=
ac_cv_env_CXX_set=
ac_cv_env_CXX_value=
ac_cv_env_LDFLAGS_set=
ac_cv_env_LDFLAGS_value=
ac_cv_env_LIBS_set=
ac_cv_env_LIBS_value=
ac_cv_env_LT_SYS_LIBRARY_PATH_set=
ac_cv_env_LT_SYS_LIBRARY_PATH_value=
ac_cv_env_build_alias_set=
ac_cv_env_build_alias_value=
ac_cv_env_host_alias_set=
ac_cv_env_host_alias_value=
ac_cv_env_target_alias_set=
ac_cv_env_target_alias_value=
ac_cv_func_fwide=yes
ac_cv_func_mbsrtowcs=yes
ac_cv_func_syslog=yes
ac_cv_func_wcstombs=yes
ac_cv_header_dlfcn_h=yes
ac_cv_header_inttypes_h=yes
ac_cv_header_locale=yes
ac_cv_header_memory_h=yes
ac_cv_header_stdc=yes
ac_cv_header_stdint_h=yes
ac_cv_header_stdlib_h=yes
ac_cv_header_string_h=yes
ac_cv_header_strings_h=yes
ac_cv_header_sys_stat_h=yes
ac_cv_header_sys_types_h=yes
ac_cv_header_unistd_h=yes
ac_cv_host=x86_64-pc-linux-gnu
ac_cv_objext=o
ac_cv_path_DOT=/usr/bin/dot
ac_cv_path_DOXYGEN=/usr/bin/doxygen
ac_cv_path_EGREP='/usr/bin/grep -E'
ac_cv_path_FGREP='/usr/bin/grep -F'
ac_cv_path_GREP=/usr/bin/grep
ac_cv_path_SED=/usr/bin/sed
ac_cv_path_install='/usr/bin/install -c'
ac_cv_path_lt_DD=/usr/bin/dd
ac_cv_path_mkdir=/usr/bin/mkdir
ac_cv_prog_AWK=gawk
ac_cv_prog_CPP='gcc -E'
ac_cv_prog_CXXCPP='g++ -E'
ac_cv_prog_ac_ct_AR=ar
ac_cv_prog_ac_ct_CC=gcc
ac_cv_prog_ac_ct_CXX=g++
ac_cv_prog_ac_ct_MANIFEST_TOOL=mt
ac_cv_prog_ac_ct_OBJDUMP=objdump
ac_cv_prog_ac_ct_RANLIB=ranlib
ac_cv_prog_ac_ct_STRIP=strip
ac_cv_prog_cc_c89=
ac_cv_prog_cc_g=yes
ac_cv_prog_cxx_g=yes
ac_cv_prog_make_make_set=yes
ac_cv_target=x86_64-pc-linux-gnu
am_cv_CC_dependencies_compiler_type=gcc3
am_cv_CXX_dependencies_compiler_type=gcc3
am_cv_ar_interface=ar
am_cv_make_support_nested_variables=yes
am_cv_prog_cc_c_o=yes
lt_cv_ar_at_file=@
lt_cv_archive_cmds_need_lc=no
lt_cv_deplibs_check_method=pass_all
lt_cv_file_magic_cmd='$MAGIC_CMD'
lt_cv_file_magic_test_file=
lt_cv_ld_reload_flag=-r
lt_cv_nm_interface='BSD nm'
lt_cv_objdir=.libs
lt_cv_path_LD=/usr/bin/ld
lt_cv_path_LDCXX='/usr/bin/ld -m elf_x86_64'
lt_cv_path_NM='/usr/bin/nm -B'
lt_cv_path_mainfest_tool=no
lt_cv_prog_compiler_c_o=yes
lt_cv_prog_compiler_c_o_CXX=yes
lt_cv_prog_compiler_pic='-fPIC -DPIC'
lt_cv_prog_compiler_pic_CXX='-fPIC -DPIC'
lt_cv_prog_compiler_pic_works=yes
lt_cv_prog_compiler_pic_works_CXX=yes
lt_cv_prog_compiler_rtti_exceptions=no
lt_cv_prog_compiler_static_works=yes
lt_cv_prog_compiler_static_works_CXX=yes
lt_cv_prog_gnu_ld=yes
lt_cv_prog_gnu_ldcxx=yes
lt_cv_sharedlib_from_linklib_cmd='printf %s\n'
lt_cv_shlibpath_overrides_runpath=yes
lt_cv_sys_global_symbol_pipe='sed -n -e '\''s/^.*[	 ]\([ABCDGIRSTW][ABCDGIRSTW]*\)[	 ][	 ]*\([_A-Za-z][_A-Za-z0-9]*\)$/\1 \2 \2/p'\'' | sed '\''/ __gnu_lto/d'\'''
lt_cv_sys_global_symbol_to_c_name_address='sed -n -e '\''s/^: \(.*\) .*$/  {"\1", (void *) 0},/p'\'' -e '\''s/^[ABCDGIRSTW][ABCDGIRSTW]* .* \(.*\)$/  {"\1", (void *) \&\1},/p'\'''
lt_cv_sys_global_symbol_to_c_name_address_lib_prefix='sed -n -e '\''s/^: \(.*\) .*$/  {"\1", (void *) 0},/p'\'' -e '\''s/^[ABCDGIRSTW][ABCDGIRSTW]* .* \(lib.*\)$/  {"\1", (void *) \&\1},/p'\'' -e '\''s/^[ABCDGIRSTW][ABCDGIRSTW]* .* \(.*\)$/  {"lib\1", (void *) \&\1},/p'\'''
lt_cv_sys_global_symbol_to_cdecl='sed -n -e '\''s/^T .* \(.*\)$/extern int \1();/p'\'' -e '\''s/^[ABCDGIRSTW][ABCDGIRSTW]* .* \(.*\)$/extern char \1;/p'\'''
lt_cv_sys_global_symbol_to_import=
lt_cv_sys_max_cmd_len=1572864
lt_cv_to_host_file_cmd=func_convert_file_noop
lt_cv_to_tool_file_cmd=func_convert_file_noop
lt_cv_truncate_bin='/usr/bin/dd bs=4096 count=1'

## ----------------- ##
## Output variables. ##
## ----------------- ##

ACLOCAL='${SHELL} /mnt/g/TeamTalk/server/src/log4cxx/apache-log4cxx-0.11.0/missing aclocal-1.16'
AMDEPBACKSLASH='\'
AMDEP_FALSE='#'
AMDEP_TRUE=''
AMTAR='$${TAR-tar}'
AM_BACKSLASH='\'
AM_DEFAULT_V='$(AM_DEFAULT_VERBOSITY)'
AM_DEFAULT_VERBOSITY='1'
AM_V='$(V)'
APR_LIBS=' -L/usr/local/apr/lib -lapr-1 -lrt -lcrypt  -lpthread -ldl'
APU_LIBS=' -L/usr/local/apr-util/lib -laprutil-1     -lexpat'
AR='ar'
AUTOCONF='${SHELL} /mnt/g/TeamTalk/server/src/log4cxx/apache-log4cxx-0.11.0/missing autoconf'
AUTOHEADER='${SHELL} /mnt/g/TeamTalk/server/src/log4cxx/apache-log4cxx-0.11.0/missing autoheader'
AUTOMAKE='${SHELL} /mnt/g/TeamTalk/server/src/log4cxx/apache-log4cxx-0.11.0/missing automake-1.16'
AWK='gawk'
CC='gcc'
CCDEPMODE='depmode=gcc3'
CFLAGS='-g -O2'
CFSTRING_API='0'
CHARSET_EBCDIC='0'
CHARSET_ISO88591='0'
CHARSET_USASCII='0'
CHARSET_UTF8='0'
CHAR_API='1'
CPP='gcc -E'
CPPFLAGS='  -DLINUX -D_REENTRANT -D_GNU_SOURCE  -I/usr/local/apr/include/apr-1   -I/usr/local/apr-util/include/apr-1 '
CPPFLAGS_ODBC=''
CXX='g++'
CXXCPP='g++ -E'
CXXDEPMODE='depmode=gcc3'
CXXFLAGS='-g -O2'
CYGPATH_W='echo'
DEFS='-DPACKAGE_NAME=\"log4cxx\" -DPACKAGE_TARNAME=\"log4cxx\" -DPACKAGE_VERSION=\"0.11.0\" -DPACKAGE_STRING=\"log4cxx\ 0.11.0\" -DPACKAGE_BUGREPORT=\"\" -DPACKAGE_URL=\"\" -DPACKAGE=\"log4cxx\" -DVERSION=\"0.11.0\" -DSTDC_HEADERS=1 -DHAVE_SYS_TYPES_H=1 -DHAVE_SYS_STAT_H=1 -DHAVE_STDLIB_H=1 -DHAVE_STRING_H=1 -DHAVE_MEMORY_H=1 -DHAVE_STRINGS_H=1 -DHAVE_INTTYPES_H=1 -DHAVE_STDINT_H=1 -DHAVE_UNISTD_H=1 -DHAVE_DLFCN_H=1 -DLT_OBJDIR=\".libs/\" -DHAVE_MBSRTOWCS=1 -DHAVE_WCSTOMBS=1 -DHAVE_SYSLOG=1 -DHAVE_FWIDE=1'
DEPDIR='.deps'
DLLTOOL='false'
DOC_FALSE='#'
DOC_TRUE=''
DOT='/usr/bin/dot'
DOXYGEN='/usr/bin/doxygen'
DSYMUTIL=''
DUMPBIN=''
ECHO_C=''
ECHO_N='-n'
ECHO_T=''
EGREP='/usr/bin/grep -E'
EXEEXT=''
FGREP='/usr/bin/grep -F'
GREP='/usr/bin/grep'
HAS_FWIDE='1'
HAS_LIBESMTP='0'
HAS_MBSRTOWCS='1'
HAS_ODBC='0'
HAS_STD_LOCALE='1'
HAS_SYSLOG='1'
HAS_WCHAR_T='1'
HAS_WCSTOMBS='1'
INSTALL_DATA='${INSTALL} -m 644'
INSTALL_PROGRAM='${INSTALL}'
INSTALL_SCRIPT='${INSTALL}'
INSTALL_STRIP_PROGRAM='$(install_sh) -c -s'
IODBC_CONFIG=''
LATEX_DOC_FALSE=''
LATEX_DOC_TRUE='#'
LD='/usr/bin/ld -m elf_x86_64'
LDFLAGS='  -L/usr/local/apr/lib -lapr-1 -lrt -lcrypt  -lpthread -ldl  -L/usr/local/apr-util/lib -laprutil-1     -lexpat'
LIBOBJS=''
LIBS=''
LIBS_ODBC=''
LIBTOOL='$(SHELL) $(top_builddir)/libtool'
LIPO=''
LN_S='ln -s'
LOGCHAR_IS_UNICHAR='0'
LOGCHAR_IS_UTF8='1'
LOGCHAR_IS_WCHAR='0'
LTLIBOBJS=''
LT_SYS_LIBRARY_PATH=''
LT_VERSION='11:0:0'
MAKEINFO='${SHELL} /mnt/g/TeamTalk/server/src/log4cxx/apache-log4cxx-0.11.0/missing makeinfo'
MANIFEST_TOOL=':'
MKDIR_P='/usr/bin/mkdir -p'
NM='/usr/bin/nm -B'
NMEDIT=''
NON_BLOCKING_FALSE=''
NON_BLOCKING_TRUE='#'
OBJDUMP='objdump'
OBJEXT='o'
OTOOL64=''
OTOOL=''
PACKAGE='log4cxx'
PACKAGE_BUGREPORT=''
PACKAGE_NAME='log4cxx'
PACKAGE_STRING='log4cxx 0.11.0'
PACKAGE_TARNAME='log4cxx'
PACKAGE_URL=''
PACKAGE_VERSION='0.11.0'
PATH_SEPARATOR=':'
RANLIB='ranlib'
SED='/usr/bin/sed'
SET_MAKE=''
SHELL='/bin/bash'
STRIP='strip'
UNICHAR_API='0'
VERSION='0.11.0'
WCHAR_T_API='1'
ac_ct_AR='ar'
ac_ct_CC='gcc'
ac_ct_CXX='g++'
ac_ct_DUMPBIN=''
am__EXEEXT_FALSE=''
am__EXEEXT_TRUE='#'
am__fastdepCC_FALSE='#'
am__fastdepCC_TRUE=''
am__fastdepCXX_FALSE='#'
am__fastdepCXX_TRUE=''
am__include='include'
am__isrc=''
am__leading_dot='.'
am__nodep='_no'
am__quote=''
am__tar='$${TAR-tar} chof - "$$tardir"'
am__untar='$${TAR-tar} xf -'
base_dir='/mnt/g/TeamTalk/server/src/log4cxx/apache-log4cxx-0.11.0'
bindir='${exec_prefix}/bin'
build='x86_64-pc-linux-gnu'
build_alias=''
build_cpu='x86_64'
build_os='linux-gnu'
build_vendor='pc'
datadir='${datarootdir}'
datarootdir='${prefix}/share'
docdir='${datarootdir}/doc/${PACKAGE_TARNAME}'
dvidir='${docdir}'
enable_dot='yes'
enable_html_docs='yes'
enable_latex_docs='no'
exec_prefix='${prefix}'
host='x86_64-pc-linux-gnu'
host_alias=''
host_cpu='x86_64'
host_os='linux-gnu'
host_vendor='pc'
htmldir='${docdir}'
includedir='${prefix}/include'
infodir='${datarootdir}/info'
install_sh='${SHELL} /mnt/g/TeamTalk/server/src/log4cxx/apache-log4cxx-0.11.0/install-sh'
libdir='${exec_prefix}/lib'
libexecdir='${exec_prefix}/libexec'
localedir='${datarootdir}/locale'
localstatedir='${prefix}/var'
mandir='${datarootdir}/man'
manual_dest='manual'
mkdir_p='$(MKDIR_P)'
oldincludedir='/usr/include'
pdfdir='${docdir}'
prefix='/mnt/g/TeamTalk/server/src/./log4cxx'
program_transform_name='s,x,x,'
psdir='${docdir}'
runstatedir='${localstatedir}/run'
sbindir='${exec_prefix}/sbin'
sharedstatedir='${prefix}/com'
sysconfdir='${prefix}/etc'
target='x86_64-pc-linux-gnu'
target_alias=''
target_cpu='x86_64'
target_os='linux-gnu'
target_vendor='pc'

## ----------- ##
## confdefs.h. ##
## ----------- ##

/* confdefs.h */
#define PACKAGE_NAME "log4cxx"
#define PACKAGE_TARNAME "log4cxx"
#define PACKAGE_VERSION "0.11.0"
#define PACKAGE_STRING "log4cxx 0.11.0"
#define PACKAGE_BUGREPORT ""
#define PACKAGE_URL ""
#define PACKAGE "log4cxx"
#define VERSION "0.11.0"
#define STDC_HEADERS 1
#define HAVE_SYS_TYPES_H 1
#define HAVE_SYS_STAT_H 1
#define HAVE_STDLIB_H 1
#define HAVE_STRING_H 1
#define HAVE_MEMORY_H 1
#define HAVE_STRINGS_H 1
#define HAVE_INTTYPES_H 1
#define HAVE_STDINT_H 1
#define HAVE_UNISTD_H 1
#define HAVE_DLFCN_H 1
#define LT_OBJDIR ".libs/"
#define HAVE_MBSRTOWCS 1
#define HAVE_WCSTOMBS 1
#define HAVE_SYSLOG 1
#define HAVE_FWIDE 1

configure: exit 0
